[2026-02-14T16:06:39.019+0000] {local_task_job_runner.py:120} INFO - ::group::Pre task execution logs
[2026-02-14T16:06:39.049+0000] {taskinstance.py:2076} INFO - Dependencies all met for dep_context=non-requeueable deps ti=<TaskInstance: Airflow_Lab1.build_save_model_task manual__2026-02-14T16:06:26.352199+00:00 [queued]>
[2026-02-14T16:06:39.056+0000] {taskinstance.py:2076} INFO - Dependencies all met for dep_context=requeueable deps ti=<TaskInstance: Airflow_Lab1.build_save_model_task manual__2026-02-14T16:06:26.352199+00:00 [queued]>
[2026-02-14T16:06:39.056+0000] {taskinstance.py:2306} INFO - Starting attempt 1 of 1
[2026-02-14T16:06:39.065+0000] {taskinstance.py:2330} INFO - Executing <Task(PythonOperator): build_save_model_task> on 2026-02-14 16:06:26.352199+00:00
[2026-02-14T16:06:39.093+0000] {warnings.py:112} WARNING - /home/***/.local/lib/python3.12/site-packages/***/task/task_runner/standard_task_runner.py:61: DeprecationWarning: This process (pid=672) is multi-threaded, use of fork() may lead to deadlocks in the child.
  pid = os.fork()

[2026-02-14T16:06:39.095+0000] {standard_task_runner.py:63} INFO - Started process 682 to run task
[2026-02-14T16:06:39.095+0000] {standard_task_runner.py:90} INFO - Running: ['***', 'tasks', 'run', 'Airflow_Lab1', 'build_save_model_task', 'manual__2026-02-14T16:06:26.352199+00:00', '--job-id', '23', '--raw', '--subdir', 'DAGS_FOLDER/***.py', '--cfg-path', '/tmp/tmpyf983rxh']
[2026-02-14T16:06:39.098+0000] {standard_task_runner.py:91} INFO - Job 23: Subtask build_save_model_task
[2026-02-14T16:06:39.141+0000] {task_command.py:426} INFO - Running <TaskInstance: Airflow_Lab1.build_save_model_task manual__2026-02-14T16:06:26.352199+00:00 [running]> on host e3ce6307c203
[2026-02-14T16:06:39.231+0000] {taskinstance.py:2648} INFO - Exporting env vars: AIRFLOW_CTX_DAG_OWNER='your_name' AIRFLOW_CTX_DAG_ID='Airflow_Lab1' AIRFLOW_CTX_TASK_ID='build_save_model_task' AIRFLOW_CTX_EXECUTION_DATE='2026-02-14T16:06:26.352199+00:00' AIRFLOW_CTX_TRY_NUMBER='1' AIRFLOW_CTX_DAG_RUN_ID='manual__2026-02-14T16:06:26.352199+00:00'
[2026-02-14T16:06:39.232+0000] {taskinstance.py:430} INFO - ::endgroup::
[2026-02-14T16:06:39.251+0000] {taskinstance.py:441} INFO - ::group::Post task execution logs
[2026-02-14T16:06:39.251+0000] {taskinstance.py:2905} ERROR - Task failed with exception
Traceback (most recent call last):
  File "/home/airflow/.local/lib/python3.12/site-packages/airflow/models/taskinstance.py", line 465, in _execute_task
    result = _execute_callable(context=context, **execute_callable_kwargs)
             ^^^^^^^^^^^^^^^^^^^^^^^^^^^^^^^^^^^^^^^^^^^^^^^^^^^^^^^^^^^^^
  File "/home/airflow/.local/lib/python3.12/site-packages/airflow/models/taskinstance.py", line 432, in _execute_callable
    return execute_callable(context=context, **execute_callable_kwargs)
           ^^^^^^^^^^^^^^^^^^^^^^^^^^^^^^^^^^^^^^^^^^^^^^^^^^^^^^^^^^^^
  File "/home/airflow/.local/lib/python3.12/site-packages/airflow/models/baseoperator.py", line 401, in wrapper
    return func(self, *args, **kwargs)
           ^^^^^^^^^^^^^^^^^^^^^^^^^^^
  File "/home/airflow/.local/lib/python3.12/site-packages/airflow/operators/python.py", line 235, in execute
    return_value = self.execute_callable()
                   ^^^^^^^^^^^^^^^^^^^^^^^
  File "/home/airflow/.local/lib/python3.12/site-packages/airflow/operators/python.py", line 252, in execute_callable
    return self.python_callable(*self.op_args, **self.op_kwargs)
           ^^^^^^^^^^^^^^^^^^^^^^^^^^^^^^^^^^^^^^^^^^^^^^^^^^^^^
  File "/opt/airflow/dags/src/lab.py", line 67, in build_save_model
    df = result['data']
         ~~~~~~^^^^^^^^
IndexError: only integers, slices (`:`), ellipsis (`...`), numpy.newaxis (`None`) and integer or boolean arrays are valid indices
[2026-02-14T16:06:39.268+0000] {taskinstance.py:1206} INFO - Marking task as FAILED. dag_id=Airflow_Lab1, task_id=build_save_model_task, run_id=manual__2026-02-14T16:06:26.352199+00:00, execution_date=20260214T160626, start_date=20260214T160639, end_date=20260214T160639
[2026-02-14T16:06:39.281+0000] {standard_task_runner.py:110} ERROR - Failed to execute job 23 for task build_save_model_task (only integers, slices (`:`), ellipsis (`...`), numpy.newaxis (`None`) and integer or boolean arrays are valid indices; 682)
[2026-02-14T16:06:39.320+0000] {local_task_job_runner.py:240} INFO - Task exited with return code 1
[2026-02-14T16:06:39.345+0000] {taskinstance.py:3503} INFO - 0 downstream tasks scheduled from follow-on schedule check
[2026-02-14T16:06:39.346+0000] {local_task_job_runner.py:222} INFO - ::endgroup::
